2021-04-14 18:13:01,316 - RequestsHandler - DEBUG - Loading data from file: ./cache/main_statistc_page.pickle
2021-04-14 18:13:01,544 - RequestsHandler - DEBUG - Loading data from file: ./cache/Aatrox_Top_stats.pickle
2021-04-14 18:13:02,943 - RequestsHandler - DEBUG - Loading data from file: ./cache/Aatrox_Top_stats.pickle
2021-04-14 18:27:04,786 - RequestsHandler - DEBUG - Loading data from file: ./cache/Ahri_Middle_stats.pickle
2021-04-14 18:27:05,672 - RequestsHandler - DEBUG - Loading data from file: ./cache/Akali_Middle_stats.pickle
2021-04-14 18:27:06,670 - RequestsHandler - DEBUG - Loading data from file: ./cache/Amumu_Jungle_stats.pickle
2021-04-14 18:27:08,514 - RequestsHandler - DEBUG - Loading data from file: ./cache/Annie_Middle_stats.pickle
2021-04-14 18:27:10,147 - RequestsHandler - DEBUG - Loading data from file: ./cache/Aphelios_Bottom_stats.pickle
2021-04-14 18:27:16,520 - RequestsHandler - DEBUG - Loading data from file: ./cache/Ashe_Bottom_stats.pickle
2021-04-14 18:27:18,254 - RequestsHandler - DEBUG - Loading data from file: ./cache/Azir_Middle_stats.pickle
2021-04-14 18:27:18,917 - RequestsHandler - DEBUG - Loading data from file: ./cache/Bard_Support_stats.pickle
2021-04-14 18:27:19,703 - RequestsHandler - DEBUG - Loading data from file: ./cache/Blitzcrank_Support_stats.pickle
2021-04-14 18:27:21,385 - RequestsHandler - DEBUG - Loading data from file: ./cache/Blitzcrank_Support_stats.pickle
2021-04-14 18:27:22,156 - RequestsHandler - DEBUG - Loading data from file: ./cache/Blitzcrank_Support_stats.pickle
2021-04-14 18:27:22,816 - RequestsHandler - DEBUG - Loading data from file: ./cache/Blitzcrank_Support_stats.pickle
2021-04-14 18:27:24,122 - RequestsHandler - DEBUG - Loading data from file: ./cache/Blitzcrank_Support_stats.pickle
2021-04-14 18:27:24,716 - RequestsHandler - DEBUG - Loading data from file: ./cache/Blitzcrank_Support_stats.pickle
2021-04-14 18:27:25,464 - RequestsHandler - DEBUG - Loading data from file: ./cache/Blitzcrank_Support_stats.pickle
2021-04-14 18:27:26,523 - RequestsHandler - DEBUG - Loading data from file: ./cache/Blitzcrank_Support_stats.pickle
2021-04-14 18:27:27,606 - RequestsHandler - DEBUG - Loading data from file: ./cache/Blitzcrank_Support_stats.pickle
2021-04-14 18:27:28,813 - RequestsHandler - DEBUG - Loading data from file: ./cache/Bard_Support_stats.pickle
2021-04-14 18:27:30,298 - RequestsHandler - DEBUG - Loading data from file: ./cache/Bard_Support_stats.pickle
2021-04-14 18:27:31,880 - RequestsHandler - DEBUG - Loading data from file: ./cache/Bard_Support_stats.pickle
2021-04-14 18:27:33,140 - RequestsHandler - DEBUG - Loading data from file: ./cache/Bard_Support_stats.pickle
2021-04-14 18:27:34,416 - RequestsHandler - DEBUG - Loading data from file: ./cache/Bard_Support_stats.pickle
2021-04-14 18:27:36,120 - RequestsHandler - DEBUG - Loading data from file: ./cache/Blitzcrank_Support_stats.pickle
2021-04-14 18:27:37,273 - RequestsHandler - DEBUG - Loading data from file: ./cache/Blitzcrank_Support_stats.pickle
2021-04-14 18:27:38,476 - RequestsHandler - DEBUG - Loading data from file: ./cache/Blitzcrank_Support_stats.pickle
2021-04-14 18:27:40,738 - RequestsHandler - DEBUG - Loading data from file: ./cache/Blitzcrank_Support_stats.pickle
2021-04-14 18:27:41,786 - RequestsHandler - DEBUG - Loading data from file: ./cache/Blitzcrank_Support_stats.pickle
2021-04-14 18:27:42,666 - RequestsHandler - DEBUG - Loading data from file: ./cache/Blitzcrank_Support_stats.pickle
2021-04-14 18:27:43,582 - RequestsHandler - DEBUG - Loading data from file: ./cache/Blitzcrank_Support_stats.pickle
2021-04-14 18:29:32,017 - RequestsHandler - DEBUG - Loading data from file: ./cache/Blitzcrank_Support_stats.pickle
2021-04-14 18:29:33,745 - RequestsHandler - DEBUG - Loading data from file: ./cache/Blitzcrank_Support_stats.pickle
2021-04-14 18:29:35,483 - RequestsHandler - DEBUG - Loading data from file: ./cache/Blitzcrank_Support_stats.pickle
2021-04-14 18:29:36,186 - RequestsHandler - DEBUG - Loading data from file: ./cache/Blitzcrank_Support_stats.pickle
2021-04-14 18:29:37,005 - RequestsHandler - DEBUG - Loading data from file: ./cache/Blitzcrank_Support_stats.pickle
2021-04-14 18:29:37,655 - RequestsHandler - DEBUG - Loading data from file: ./cache/Blitzcrank_Support_stats.pickle
2021-04-14 18:29:38,523 - RequestsHandler - DEBUG - Loading data from file: ./cache/Blitzcrank_Support_stats.pickle
2021-04-14 18:29:39,400 - RequestsHandler - DEBUG - Loading data from file: ./cache/Blitzcrank_Support_stats.pickle
2021-04-14 18:29:40,301 - RequestsHandler - DEBUG - Loading data from file: ./cache/Blitzcrank_Support_stats.pickle
2021-04-14 18:29:41,237 - RequestsHandler - DEBUG - Loading data from file: ./cache/Blitzcrank_Support_stats.pickle
2021-04-14 19:36:10,950 - RequestsHandler - DEBUG - Loading data from file: ./cache/Blitzcrank_Support_stats.pickle
2021-04-14 19:36:12,501 - RequestsHandler - DEBUG - Loading data from file: ./cache/Azir_Middle_stats.pickle
2021-04-14 19:36:16,189 - RequestsHandler - DEBUG - Loading data from file: ./cache/Azir_Middle_stats.pickle
2021-04-14 19:36:17,595 - RequestsHandler - DEBUG - Loading data from file: ./cache/Azir_Middle_stats.pickle
2021-04-14 19:36:19,510 - RequestsHandler - DEBUG - Loading data from file: ./cache/Azir_Middle_stats.pickle
2021-04-14 19:36:21,405 - RequestsHandler - DEBUG - Loading data from file: ./cache/Azir_Middle_stats.pickle
2021-04-14 19:38:46,155 - RequestsHandler - DEBUG - Loading data from file: ./cache/Azir_Middle_stats.pickle
2021-04-14 19:38:47,223 - RequestsHandler - DEBUG - Loading data from file: ./cache/Azir_Middle_stats.pickle
2021-04-14 20:20:11,580 - RequestsHandler - DEBUG - Loading data from file: ./cache/Azir_Middle_stats.pickle
2021-04-14 20:20:12,317 - RequestsHandler - DEBUG - Loading data from file: ./cache/Azir_Middle_stats.pickle
2021-04-14 20:20:13,327 - RequestsHandler - DEBUG - Loading data from file: ./cache/Azir_Middle_stats.pickle
2021-04-14 20:20:16,481 - RequestsHandler - DEBUG - Loading data from file: ./cache/Cassiopeia_Middle_stats.pickle
2021-04-14 20:20:16,682 - RequestsHandler - DEBUG - Loading data from file: ./cache/Sivir_Bottom_stats.pickle
2021-04-14 20:20:16,864 - RequestsHandler - DEBUG - Loading data from file: ./cache/Sivir_Bottom_stats.pickle
2021-04-14 20:20:17,048 - RequestsHandler - DEBUG - Loading data from file: ./cache/Sivir_Bottom_stats.pickle
2021-04-14 20:20:18,651 - RequestsHandler - DEBUG - Loading data from file: ./cache/Sivir_Bottom_stats.pickle
2021-04-14 20:20:19,932 - RequestsHandler - DEBUG - Loading data from file: ./cache/Sivir_aram_stats.pickle
2021-04-14 20:20:21,305 - RequestsHandler - DEBUG - Loading data from file: ./cache/Sivir_Bottom_stats.pickle
2021-04-14 20:20:23,088 - RequestsHandler - DEBUG - Loading data from file: ./cache/Sivir_Bottom_stats.pickle
2021-04-14 20:21:06,626 - RequestsHandler - DEBUG - Loading data from file: ./cache/Caitlyn_Bottom_stats.pickle
2021-04-14 20:21:06,833 - RequestsHandler - DEBUG - Loading data from file: ./cache/Caitlyn_Bottom_stats.pickle
2021-04-14 20:21:09,165 - RequestsHandler - DEBUG - Loading data from file: ./cache/Sivir_Bottom_stats.pickle
2021-04-14 20:21:10,689 - RequestsHandler - DEBUG - Loading data from file: ./cache/Sivir_Bottom_stats.pickle
2021-04-14 20:21:25,527 - RequestsHandler - DEBUG - Loading data from file: ./cache/Sivir_aram_stats.pickle
2021-04-14 20:21:28,868 - RequestsHandler - DEBUG - Loading data from file: ./cache/Sivir_Bottom_stats.pickle
2021-04-14 20:21:46,974 - RequestsHandler - DEBUG - Loading data from file: ./cache/Sivir_aram_stats.pickle
2021-04-14 20:21:47,805 - RequestsHandler - DEBUG - Loading data from file: ./cache/Sivir_Bottom_stats.pickle
2021-04-14 20:21:48,617 - RequestsHandler - DEBUG - Loading data from file: ./cache/Sivir_aram_stats.pickle
2021-04-14 20:21:51,261 - RequestsHandler - DEBUG - Loading data from file: ./cache/Sivir_Bottom_stats.pickle
2021-04-14 20:21:54,935 - RequestsHandler - DEBUG - Loading data from file: ./cache/Caitlyn_Bottom_stats.pickle
2021-04-14 20:21:56,468 - RequestsHandler - DEBUG - sending request...
2021-04-14 20:21:56,851 - RequestsHandler - DEBUG - Downloaded data from: https://euw.op.gg/aram/Caitlyn/statistics
2021-04-14 20:21:56,851 - RequestsHandler - DEBUG - Response status: <Response [200]>
2021-04-14 20:22:03,996 - RequestsHandler - DEBUG - Loading data from file: ./cache/Caitlyn_Bottom_stats.pickle
2021-04-14 20:22:04,851 - RequestsHandler - DEBUG - Loading data from file: ./cache/Caitlyn_aram_stats.pickle
2021-04-14 20:22:09,702 - RequestsHandler - DEBUG - Loading data from file: ./cache/Brand_aram_stats.pickle
2021-04-14 20:22:11,890 - RequestsHandler - DEBUG - Loading data from file: ./cache/Brand_aram_stats.pickle
2021-04-14 20:22:15,036 - RequestsHandler - DEBUG - Loading data from file: ./cache/Brand_aram_stats.pickle
2021-04-14 20:22:15,919 - RequestsHandler - DEBUG - Loading data from file: ./cache/Brand_aram_stats.pickle
2021-04-14 20:22:17,259 - RequestsHandler - DEBUG - Loading data from file: ./cache/Brand_aram_stats.pickle
2021-04-14 20:22:19,554 - RequestsHandler - DEBUG - Loading data from file: ./cache/Brand_aram_stats.pickle
2021-04-14 20:22:21,559 - RequestsHandler - DEBUG - Loading data from file: ./cache/Brand_aram_stats.pickle
2021-04-14 20:22:23,628 - RequestsHandler - DEBUG - Loading data from file: ./cache/Brand_aram_stats.pickle
2021-04-14 20:22:25,666 - RequestsHandler - DEBUG - Loading data from file: ./cache/Brand_aram_stats.pickle
2021-04-14 20:22:26,419 - RequestsHandler - DEBUG - Loading data from file: ./cache/Brand_aram_stats.pickle
2021-04-14 20:23:41,068 - RequestsHandler - DEBUG - Loading data from file: ./cache/Brand_aram_stats.pickle
2021-04-14 20:23:43,229 - RequestsHandler - DEBUG - sending request...
2021-04-14 20:23:43,981 - RequestsHandler - DEBUG - Downloaded data from: https://euw.op.gg/aram/Diana/statistics
2021-04-14 20:23:43,981 - RequestsHandler - DEBUG - Response status: <Response [200]>
2021-04-14 20:23:44,742 - RequestsHandler - DEBUG - Loading data from file: ./cache/Karma_aram_stats.pickle
2021-04-14 20:23:45,243 - RequestsHandler - DEBUG - sending request...
2021-04-14 20:23:45,644 - RequestsHandler - DEBUG - Downloaded data from: https://euw.op.gg/aram/Maokai/statistics
2021-04-14 20:23:45,645 - RequestsHandler - DEBUG - Response status: <Response [200]>
2021-04-14 20:23:45,791 - RequestsHandler - DEBUG - Loading data from file: ./cache/Maokai_aram_stats.pickle
2021-04-14 20:23:47,073 - RequestsHandler - DEBUG - Loading data from file: ./cache/Maokai_aram_stats.pickle
2021-04-14 20:23:49,070 - RequestsHandler - DEBUG - Loading data from file: ./cache/Maokai_aram_stats.pickle
2021-04-14 20:23:49,690 - RequestsHandler - DEBUG - Loading data from file: ./cache/Maokai_aram_stats.pickle
2021-04-14 20:23:50,398 - RequestsHandler - DEBUG - Loading data from file: ./cache/Maokai_aram_stats.pickle
2021-04-14 20:23:50,892 - RequestsHandler - DEBUG - Loading data from file: ./cache/Maokai_aram_stats.pickle
2021-04-14 20:23:52,078 - RequestsHandler - DEBUG - Loading data from file: ./cache/Maokai_aram_stats.pickle
2021-04-14 20:23:52,550 - RequestsHandler - DEBUG - Loading data from file: ./cache/Maokai_aram_stats.pickle
2021-04-14 20:23:53,329 - RequestsHandler - DEBUG - Loading data from file: ./cache/Maokai_aram_stats.pickle
2021-04-14 20:23:54,023 - RequestsHandler - DEBUG - Loading data from file: ./cache/Maokai_aram_stats.pickle
2021-04-14 20:23:54,954 - RequestsHandler - DEBUG - Loading data from file: ./cache/Maokai_aram_stats.pickle
2021-04-14 20:23:55,817 - RequestsHandler - DEBUG - Loading data from file: ./cache/Maokai_aram_stats.pickle
2021-04-14 20:23:56,735 - RequestsHandler - DEBUG - Loading data from file: ./cache/Maokai_aram_stats.pickle
2021-04-14 20:23:57,600 - RequestsHandler - DEBUG - Loading data from file: ./cache/Maokai_aram_stats.pickle
2021-04-14 20:24:08,054 - RequestsHandler - DEBUG - Loading data from file: ./cache/Maokai_aram_stats.pickle
