2021-04-15 09:53:25,749 - RequestsHandler - DEBUG - Loading data from file: ./cache/main_statistc_page.pickle
2021-04-15 09:53:26,055 - RequestsHandler - DEBUG - Loading data from file: ./cache/Aatrox_Top_stats.pickle
2021-04-15 09:54:17,630 - RequestsHandler - DEBUG - Loading data from file: ./cache/Cho'Gath_Top_stats.pickle
2021-04-15 09:54:17,930 - RequestsHandler - DEBUG - Loading data from file: ./cache/Cho'Gath_Top_stats.pickle
2021-04-15 09:54:22,544 - RequestsHandler - DEBUG - Loading data from file: ./cache/Cho'Gath_Top_stats.pickle
2021-04-15 09:54:33,976 - RequestsHandler - DEBUG - sending request...
2021-04-15 09:54:35,088 - RequestsHandler - DEBUG - Downloaded data from: https://euw.op.gg/aram/Cho'Gath/statistics
2021-04-15 09:54:35,096 - RequestsHandler - DEBUG - Response status: <Response [200]>
2021-04-15 09:54:35,247 - RequestsHandler - DEBUG - Loading data from file: ./cache/Cho'Gath_aram_stats.pickle
2021-04-15 10:18:07,036 - RequestsHandler - DEBUG - Loading data from file: ./cache/Dr. Mundo_aram_stats.pickle
2021-04-15 10:18:07,307 - RequestsHandler - DEBUG - Loading data from file: ./cache/Draven_aram_stats.pickle
2021-04-15 10:18:09,040 - RequestsHandler - DEBUG - Loading data from file: ./cache/Draven_aram_stats.pickle
2021-04-15 10:18:16,072 - RequestsHandler - DEBUG - sending request...
2021-04-15 10:18:17,187 - RequestsHandler - DEBUG - Downloaded data from: https://euw.op.gg/aram/Kai'Sa/statistics
2021-04-15 10:18:17,187 - RequestsHandler - DEBUG - Response status: <Response [200]>
2021-04-15 10:18:17,405 - RequestsHandler - DEBUG - sending request...
2021-04-15 10:18:18,399 - RequestsHandler - DEBUG - Downloaded data from: https://euw.op.gg/aram/Samira/statistics
2021-04-15 10:18:18,400 - RequestsHandler - DEBUG - Response status: <Response [200]>
2021-04-15 10:18:19,232 - RequestsHandler - DEBUG - Loading data from file: ./cache/Samira_aram_stats.pickle
2021-04-15 11:56:11,279 - RequestsHandler - DEBUG - sending request...
2021-04-15 11:56:12,340 - RequestsHandler - DEBUG - Downloaded data from: https://euw.op.gg/aram/Lucian/statistics
2021-04-15 11:56:12,340 - RequestsHandler - DEBUG - Response status: <Response [200]>
2021-04-15 11:56:12,578 - RequestsHandler - DEBUG - sending request...
2021-04-15 11:56:13,588 - RequestsHandler - DEBUG - Downloaded data from: https://euw.op.gg/aram/Lux/statistics
2021-04-15 11:56:13,588 - RequestsHandler - DEBUG - Response status: <Response [200]>
2021-04-15 11:56:14,520 - RequestsHandler - DEBUG - Loading data from file: ./cache/Lux_aram_stats.pickle
2021-04-15 12:49:16,708 - RequestsHandler - DEBUG - Loading data from file: ./cache/Brand_aram_stats.pickle
2021-04-15 12:49:16,864 - RequestsHandler - DEBUG - Loading data from file: ./cache/Brand_aram_stats.pickle
2021-04-15 12:49:17,155 - RequestsHandler - DEBUG - Loading data from file: ./cache/Brand_aram_stats.pickle
2021-04-15 12:49:23,932 - RequestsHandler - DEBUG - sending request...
2021-04-15 12:49:25,683 - RequestsHandler - DEBUG - Downloaded data from: https://euw.op.gg/champion/lux/statistics/Support
2021-04-15 12:49:25,684 - RequestsHandler - DEBUG - Response status: <Response [200]>
2021-04-15 12:49:28,430 - RequestsHandler - DEBUG - Loading data from file: ./cache/Lux_Support_stats.pickle
2021-04-15 12:49:29,984 - RequestsHandler - DEBUG - Loading data from file: ./cache/Lux_Support_stats.pickle
2021-04-15 12:49:33,137 - RequestsHandler - DEBUG - Loading data from file: ./cache/Lux_Support_stats.pickle
2021-04-15 12:49:35,237 - RequestsHandler - DEBUG - Loading data from file: ./cache/Brand_Support_stats.pickle
2021-04-15 12:49:37,324 - RequestsHandler - DEBUG - Loading data from file: ./cache/Brand_Support_stats.pickle
2021-04-15 12:49:38,870 - RequestsHandler - DEBUG - Loading data from file: ./cache/Brand_Support_stats.pickle
2021-04-15 12:49:40,531 - RequestsHandler - DEBUG - Loading data from file: ./cache/Brand_Support_stats.pickle
2021-04-15 12:49:46,003 - RequestsHandler - DEBUG - Loading data from file: ./cache/Brand_Support_stats.pickle
2021-04-15 12:49:48,789 - RequestsHandler - DEBUG - Loading data from file: ./cache/Brand_Support_stats.pickle
2021-04-15 12:49:50,050 - RequestsHandler - DEBUG - Loading data from file: ./cache/Brand_Support_stats.pickle
2021-04-15 12:49:51,687 - RequestsHandler - DEBUG - Loading data from file: ./cache/Brand_Support_stats.pickle
2021-04-15 18:40:02,256 - RequestsHandler - DEBUG - Loading data from file: ./cache/Brand_Support_stats.pickle
2021-04-15 18:40:03,128 - RequestsHandler - DEBUG - Loading data from file: ./cache/Brand_Support_stats.pickle
2021-04-15 18:40:03,742 - RequestsHandler - DEBUG - Loading data from file: ./cache/Brand_Support_stats.pickle
2021-04-15 18:40:05,883 - RequestsHandler - DEBUG - Loading data from file: ./cache/Brand_aram_stats.pickle
2021-04-15 18:40:07,291 - RequestsHandler - DEBUG - Loading data from file: ./cache/Brand_aram_stats.pickle
2021-04-15 18:40:08,442 - RequestsHandler - DEBUG - Loading data from file: ./cache/Brand_aram_stats.pickle
2021-04-15 18:40:09,424 - RequestsHandler - DEBUG - Loading data from file: ./cache/Brand_aram_stats.pickle
2021-04-15 18:40:10,140 - RequestsHandler - DEBUG - Loading data from file: ./cache/Brand_aram_stats.pickle
2021-04-15 18:40:11,590 - RequestsHandler - DEBUG - Loading data from file: ./cache/Brand_aram_stats.pickle
2021-04-15 18:40:12,755 - RequestsHandler - DEBUG - Loading data from file: ./cache/Brand_aram_stats.pickle
2021-04-15 18:40:13,394 - RequestsHandler - DEBUG - Loading data from file: ./cache/Brand_aram_stats.pickle
2021-04-15 18:40:14,779 - RequestsHandler - DEBUG - Loading data from file: ./cache/Brand_aram_stats.pickle
2021-04-15 18:40:15,507 - RequestsHandler - DEBUG - Loading data from file: ./cache/Brand_aram_stats.pickle
2021-04-15 18:40:18,218 - RequestsHandler - DEBUG - Loading data from file: ./cache/Brand_aram_stats.pickle
2021-04-15 18:46:47,986 - RequestsHandler - DEBUG - sending request...
2021-04-15 18:46:48,831 - RequestsHandler - DEBUG - Downloaded data from: https://euw.op.gg/aram/Kennen/statistics
2021-04-15 18:46:48,832 - RequestsHandler - DEBUG - Response status: <Response [200]>
2021-04-15 18:46:48,994 - RequestsHandler - DEBUG - Loading data from file: ./cache/Akali_aram_stats.pickle
2021-04-15 18:46:49,147 - RequestsHandler - DEBUG - sending request...
2021-04-15 18:46:49,906 - RequestsHandler - DEBUG - Downloaded data from: https://euw.op.gg/aram/Kayle/statistics
2021-04-15 18:46:49,906 - RequestsHandler - DEBUG - Response status: <Response [200]>
2021-04-15 18:46:52,717 - RequestsHandler - DEBUG - Loading data from file: ./cache/Kayle_aram_stats.pickle
2021-04-15 18:47:10,650 - RequestsHandler - DEBUG - Loading data from file: ./cache/Swain_aram_stats.pickle
2021-04-15 18:47:11,610 - RequestsHandler - DEBUG - Loading data from file: ./cache/Warwick_aram_stats.pickle
2021-04-15 19:21:53,403 - RequestsHandler - DEBUG - Loading data from file: ./cache/Twisted Fate_aram_stats.pickle
2021-04-15 19:21:53,709 - RequestsHandler - DEBUG - Loading data from file: ./cache/Twisted Fate_aram_stats.pickle
2021-04-15 19:21:54,021 - RequestsHandler - DEBUG - sending request...
2021-04-15 19:21:54,882 - RequestsHandler - DEBUG - Downloaded data from: https://euw.op.gg/aram/Twitch/statistics
2021-04-15 19:21:54,882 - RequestsHandler - DEBUG - Response status: <Response [200]>
2021-04-15 19:21:57,000 - RequestsHandler - DEBUG - Loading data from file: ./cache/Warwick_aram_stats.pickle
2021-04-15 19:21:58,128 - RequestsHandler - DEBUG - Loading data from file: ./cache/Warwick_aram_stats.pickle
2021-04-15 19:21:59,335 - RequestsHandler - DEBUG - Loading data from file: ./cache/Warwick_aram_stats.pickle
2021-04-15 19:22:00,715 - RequestsHandler - DEBUG - Loading data from file: ./cache/Twitch_aram_stats.pickle
2021-04-15 19:22:08,150 - RequestsHandler - DEBUG - Loading data from file: ./cache/Twitch_aram_stats.pickle
2021-04-15 19:22:09,380 - RequestsHandler - DEBUG - Loading data from file: ./cache/Twitch_aram_stats.pickle
2021-04-15 19:22:11,284 - RequestsHandler - DEBUG - Loading data from file: ./cache/Twitch_aram_stats.pickle
2021-04-15 19:22:12,833 - RequestsHandler - DEBUG - Loading data from file: ./cache/Twitch_aram_stats.pickle
2021-04-15 19:22:13,730 - RequestsHandler - DEBUG - Loading data from file: ./cache/Twitch_aram_stats.pickle
2021-04-15 19:25:01,772 - RequestsHandler - DEBUG - sending request...
2021-04-15 19:25:02,517 - RequestsHandler - DEBUG - Downloaded data from: https://euw.op.gg/aram/Corki/statistics
2021-04-15 19:25:02,517 - RequestsHandler - DEBUG - Response status: <Response [200]>
2021-04-15 19:25:02,648 - RequestsHandler - DEBUG - sending request...
2021-04-15 19:25:03,546 - RequestsHandler - DEBUG - Downloaded data from: https://euw.op.gg/aram/Kindred/statistics
2021-04-15 19:25:03,546 - RequestsHandler - DEBUG - Response status: <Response [200]>
2021-04-15 19:25:06,818 - RequestsHandler - DEBUG - Loading data from file: ./cache/Twitch_aram_stats.pickle
2021-04-15 19:25:08,261 - RequestsHandler - DEBUG - Loading data from file: ./cache/Kindred_aram_stats.pickle
2021-04-15 19:25:09,833 - RequestsHandler - DEBUG - Loading data from file: ./cache/Kindred_aram_stats.pickle
2021-04-15 19:25:10,457 - RequestsHandler - DEBUG - Loading data from file: ./cache/Kindred_aram_stats.pickle
2021-04-15 19:25:11,007 - RequestsHandler - DEBUG - Loading data from file: ./cache/Kindred_aram_stats.pickle
2021-04-15 19:25:11,739 - RequestsHandler - DEBUG - Loading data from file: ./cache/Kindred_aram_stats.pickle
2021-04-15 19:25:25,397 - RequestsHandler - DEBUG - Loading data from file: ./cache/Kindred_aram_stats.pickle
2021-04-15 19:25:34,276 - RequestsHandler - DEBUG - sending request...
2021-04-15 19:25:35,091 - RequestsHandler - DEBUG - Downloaded data from: https://euw.op.gg/champion/kindred/statistics/Jungle
2021-04-15 19:25:35,091 - RequestsHandler - DEBUG - Response status: <Response [200]>
2021-04-15 19:25:36,604 - RequestsHandler - DEBUG - Loading data from file: ./cache/Kindred_Jungle_stats.pickle
2021-04-15 19:25:41,690 - RequestsHandler - DEBUG - Loading data from file: ./cache/Brand_Support_stats.pickle
2021-04-15 19:25:41,876 - RequestsHandler - DEBUG - Loading data from file: ./cache/Brand_Support_stats.pickle
2021-04-15 19:25:42,023 - RequestsHandler - DEBUG - Loading data from file: ./cache/Brand_Support_stats.pickle
2021-04-15 19:25:43,976 - RequestsHandler - DEBUG - Loading data from file: ./cache/Kindred_Jungle_stats.pickle
2021-04-15 19:25:45,403 - RequestsHandler - DEBUG - Loading data from file: ./cache/Kindred_Jungle_stats.pickle
2021-04-15 19:25:46,158 - RequestsHandler - DEBUG - Loading data from file: ./cache/Kindred_Jungle_stats.pickle
2021-04-15 19:25:47,080 - RequestsHandler - DEBUG - Loading data from file: ./cache/Kindred_Jungle_stats.pickle
2021-04-15 19:25:47,827 - RequestsHandler - DEBUG - Loading data from file: ./cache/Kindred_Jungle_stats.pickle
2021-04-15 19:25:51,159 - RequestsHandler - DEBUG - Loading data from file: ./cache/Brand_Support_stats.pickle
2021-04-15 19:25:53,148 - RequestsHandler - DEBUG - Loading data from file: ./cache/Brand_Support_stats.pickle
2021-04-15 19:25:53,872 - RequestsHandler - DEBUG - Loading data from file: ./cache/Brand_Support_stats.pickle
2021-04-15 19:25:54,611 - RequestsHandler - DEBUG - Loading data from file: ./cache/Brand_Support_stats.pickle
2021-04-15 19:25:55,542 - RequestsHandler - DEBUG - Loading data from file: ./cache/Brand_Support_stats.pickle
2021-04-15 19:26:51,021 - RequestsHandler - DEBUG - Loading data from file: ./cache/Brand_Support_stats.pickle
2021-04-15 19:26:51,855 - RequestsHandler - DEBUG - Loading data from file: ./cache/Brand_Support_stats.pickle
2021-04-15 19:26:53,286 - RequestsHandler - DEBUG - Loading data from file: ./cache/Brand_Support_stats.pickle
2021-04-15 19:27:02,111 - RequestsHandler - DEBUG - Loading data from file: ./cache/Brand_Support_stats.pickle
2021-04-15 19:27:02,765 - RequestsHandler - DEBUG - Loading data from file: ./cache/Brand_Support_stats.pickle
2021-04-15 19:27:03,465 - RequestsHandler - DEBUG - Loading data from file: ./cache/Brand_Support_stats.pickle
2021-04-15 19:27:04,567 - RequestsHandler - DEBUG - Loading data from file: ./cache/Brand_Support_stats.pickle
